<?xml version="1.0" encoding="UTF-8"?>
<!-- Generated by org.testng.reporters.JUnitReportReporter -->
<testsuite skipped="0" hostname="BLT182" name="Com.testcase.Amazon_Account_Testcasae" tests="1" failures="0" timestamp="6 Mar 2020 04:48:12 GMT" time="3.083" errors="0">
  <testcase name="move" time="3.083" classname="Com.testcase.Amazon_Account_Testcasae"/>
</testsuite> <!-- Com.testcase.Amazon_Account_Testcasae -->
